[INFO  - 2013-11-11T02:56:53.891Z] GhostDriver - Main - running on port 28866
[INFO  - 2013-11-11T02:56:54.116Z] Session [eba53600-4a7c-11e3-9d56-d74b7e71bdf5] - _decorateNewWindow - page.settings: {"XSSAuditingEnabled":false,"javascriptCanCloseWindows":true,"javascriptCanOpenWindows":true,"javascriptEnabled":true,"loadImages":true,"localToRemoteUrlAccessEnabled":false,"userAgent":"Mozilla/5.0 (Macintosh; Intel Mac OS X) AppleWebKit/534.34 (KHTML, like Gecko) PhantomJS/1.9.2 Safari/534.34","webSecurityEnabled":true}
[INFO  - 2013-11-11T02:56:54.116Z] Session [eba53600-4a7c-11e3-9d56-d74b7e71bdf5] - page.customHeaders:  - {}
[INFO  - 2013-11-11T02:56:54.116Z] Session [eba53600-4a7c-11e3-9d56-d74b7e71bdf5] - CONSTRUCTOR - Desired Capabilities: {"platform":"ANY","browserName":"phantomjs","version":""}
[INFO  - 2013-11-11T02:56:54.116Z] Session [eba53600-4a7c-11e3-9d56-d74b7e71bdf5] - CONSTRUCTOR - Negotiated Capabilities: {"browserName":"phantomjs","version":"1.9.2","driverName":"ghostdriver","driverVersion":"1.0.4","platform":"mac-10.8 (Mountain Lion)-32bit","javascriptEnabled":true,"takesScreenshot":true,"handlesAlerts":false,"databaseEnabled":false,"locationContextEnabled":false,"applicationCacheEnabled":false,"browserConnectionEnabled":false,"cssSelectorsEnabled":true,"webStorageEnabled":false,"rotatable":false,"acceptSslCerts":false,"nativeEvents":true,"proxy":{"proxyType":"direct"}}
[INFO  - 2013-11-11T02:56:54.116Z] SessionManagerReqHand - _postNewSessionCommand - New Session Created: eba53600-4a7c-11e3-9d56-d74b7e71bdf5
[INFO  - 2013-11-11T02:57:08.850Z] ShutdownReqHand - _handle - About to shutdown
[INFO  - 2013-11-11T02:57:10.175Z] GhostDriver - Main - running on port 14960
[INFO  - 2013-11-11T02:57:10.377Z] Session [f5567150-4a7c-11e3-afae-91eb92e04d9a] - _decorateNewWindow - page.settings: {"XSSAuditingEnabled":false,"javascriptCanCloseWindows":true,"javascriptCanOpenWindows":true,"javascriptEnabled":true,"loadImages":true,"localToRemoteUrlAccessEnabled":false,"userAgent":"Mozilla/5.0 (Macintosh; Intel Mac OS X) AppleWebKit/534.34 (KHTML, like Gecko) PhantomJS/1.9.2 Safari/534.34","webSecurityEnabled":true}
[INFO  - 2013-11-11T02:57:10.377Z] Session [f5567150-4a7c-11e3-afae-91eb92e04d9a] - page.customHeaders:  - {}
[INFO  - 2013-11-11T02:57:10.377Z] Session [f5567150-4a7c-11e3-afae-91eb92e04d9a] - CONSTRUCTOR - Desired Capabilities: {"platform":"ANY","browserName":"phantomjs","version":""}
[INFO  - 2013-11-11T02:57:10.377Z] Session [f5567150-4a7c-11e3-afae-91eb92e04d9a] - CONSTRUCTOR - Negotiated Capabilities: {"browserName":"phantomjs","version":"1.9.2","driverName":"ghostdriver","driverVersion":"1.0.4","platform":"mac-10.8 (Mountain Lion)-32bit","javascriptEnabled":true,"takesScreenshot":true,"handlesAlerts":false,"databaseEnabled":false,"locationContextEnabled":false,"applicationCacheEnabled":false,"browserConnectionEnabled":false,"cssSelectorsEnabled":true,"webStorageEnabled":false,"rotatable":false,"acceptSslCerts":false,"nativeEvents":true,"proxy":{"proxyType":"direct"}}
[INFO  - 2013-11-11T02:57:10.377Z] SessionManagerReqHand - _postNewSessionCommand - New Session Created: f5567150-4a7c-11e3-afae-91eb92e04d9a
[INFO  - 2013-11-11T02:57:10.904Z] ShutdownReqHand - _handle - About to shutdown
[INFO  - 2013-11-11T02:57:12.209Z] GhostDriver - Main - running on port 13458
[INFO  - 2013-11-11T02:57:12.428Z] Session [f68f6680-4a7c-11e3-bbb8-c11cb3e12018] - _decorateNewWindow - page.settings: {"XSSAuditingEnabled":false,"javascriptCanCloseWindows":true,"javascriptCanOpenWindows":true,"javascriptEnabled":true,"loadImages":true,"localToRemoteUrlAccessEnabled":false,"userAgent":"Mozilla/5.0 (Macintosh; Intel Mac OS X) AppleWebKit/534.34 (KHTML, like Gecko) PhantomJS/1.9.2 Safari/534.34","webSecurityEnabled":true}
[INFO  - 2013-11-11T02:57:12.428Z] Session [f68f6680-4a7c-11e3-bbb8-c11cb3e12018] - page.customHeaders:  - {}
[INFO  - 2013-11-11T02:57:12.428Z] Session [f68f6680-4a7c-11e3-bbb8-c11cb3e12018] - CONSTRUCTOR - Desired Capabilities: {"platform":"ANY","browserName":"phantomjs","version":""}
[INFO  - 2013-11-11T02:57:12.428Z] Session [f68f6680-4a7c-11e3-bbb8-c11cb3e12018] - CONSTRUCTOR - Negotiated Capabilities: {"browserName":"phantomjs","version":"1.9.2","driverName":"ghostdriver","driverVersion":"1.0.4","platform":"mac-10.8 (Mountain Lion)-32bit","javascriptEnabled":true,"takesScreenshot":true,"handlesAlerts":false,"databaseEnabled":false,"locationContextEnabled":false,"applicationCacheEnabled":false,"browserConnectionEnabled":false,"cssSelectorsEnabled":true,"webStorageEnabled":false,"rotatable":false,"acceptSslCerts":false,"nativeEvents":true,"proxy":{"proxyType":"direct"}}
[INFO  - 2013-11-11T02:57:12.428Z] SessionManagerReqHand - _postNewSessionCommand - New Session Created: f68f6680-4a7c-11e3-bbb8-c11cb3e12018
[INFO  - 2013-11-11T02:57:15.862Z] ShutdownReqHand - _handle - About to shutdown
[INFO  - 2013-11-11T02:57:17.171Z] GhostDriver - Main - running on port 25769
[INFO  - 2013-11-11T02:57:17.387Z] Session [f9841570-4a7c-11e3-9483-8b53653abaac] - _decorateNewWindow - page.settings: {"XSSAuditingEnabled":false,"javascriptCanCloseWindows":true,"javascriptCanOpenWindows":true,"javascriptEnabled":true,"loadImages":true,"localToRemoteUrlAccessEnabled":false,"userAgent":"Mozilla/5.0 (Macintosh; Intel Mac OS X) AppleWebKit/534.34 (KHTML, like Gecko) PhantomJS/1.9.2 Safari/534.34","webSecurityEnabled":true}
[INFO  - 2013-11-11T02:57:17.387Z] Session [f9841570-4a7c-11e3-9483-8b53653abaac] - page.customHeaders:  - {}
[INFO  - 2013-11-11T02:57:17.387Z] Session [f9841570-4a7c-11e3-9483-8b53653abaac] - CONSTRUCTOR - Desired Capabilities: {"platform":"ANY","browserName":"phantomjs","version":""}
[INFO  - 2013-11-11T02:57:17.387Z] Session [f9841570-4a7c-11e3-9483-8b53653abaac] - CONSTRUCTOR - Negotiated Capabilities: {"browserName":"phantomjs","version":"1.9.2","driverName":"ghostdriver","driverVersion":"1.0.4","platform":"mac-10.8 (Mountain Lion)-32bit","javascriptEnabled":true,"takesScreenshot":true,"handlesAlerts":false,"databaseEnabled":false,"locationContextEnabled":false,"applicationCacheEnabled":false,"browserConnectionEnabled":false,"cssSelectorsEnabled":true,"webStorageEnabled":false,"rotatable":false,"acceptSslCerts":false,"nativeEvents":true,"proxy":{"proxyType":"direct"}}
[INFO  - 2013-11-11T02:57:17.387Z] SessionManagerReqHand - _postNewSessionCommand - New Session Created: f9841570-4a7c-11e3-9483-8b53653abaac
[INFO  - 2013-11-11T02:57:17.903Z] ShutdownReqHand - _handle - About to shutdown
[INFO  - 2013-11-11T02:57:19.221Z] GhostDriver - Main - running on port 5267
[INFO  - 2013-11-11T02:57:19.444Z] Session [fabdf500-4a7c-11e3-b582-89257ae15180] - _decorateNewWindow - page.settings: {"XSSAuditingEnabled":false,"javascriptCanCloseWindows":true,"javascriptCanOpenWindows":true,"javascriptEnabled":true,"loadImages":true,"localToRemoteUrlAccessEnabled":false,"userAgent":"Mozilla/5.0 (Macintosh; Intel Mac OS X) AppleWebKit/534.34 (KHTML, like Gecko) PhantomJS/1.9.2 Safari/534.34","webSecurityEnabled":true}
[INFO  - 2013-11-11T02:57:19.444Z] Session [fabdf500-4a7c-11e3-b582-89257ae15180] - page.customHeaders:  - {}
[INFO  - 2013-11-11T02:57:19.444Z] Session [fabdf500-4a7c-11e3-b582-89257ae15180] - CONSTRUCTOR - Desired Capabilities: {"platform":"ANY","browserName":"phantomjs","version":""}
[INFO  - 2013-11-11T02:57:19.444Z] Session [fabdf500-4a7c-11e3-b582-89257ae15180] - CONSTRUCTOR - Negotiated Capabilities: {"browserName":"phantomjs","version":"1.9.2","driverName":"ghostdriver","driverVersion":"1.0.4","platform":"mac-10.8 (Mountain Lion)-32bit","javascriptEnabled":true,"takesScreenshot":true,"handlesAlerts":false,"databaseEnabled":false,"locationContextEnabled":false,"applicationCacheEnabled":false,"browserConnectionEnabled":false,"cssSelectorsEnabled":true,"webStorageEnabled":false,"rotatable":false,"acceptSslCerts":false,"nativeEvents":true,"proxy":{"proxyType":"direct"}}
[INFO  - 2013-11-11T02:57:19.444Z] SessionManagerReqHand - _postNewSessionCommand - New Session Created: fabdf500-4a7c-11e3-b582-89257ae15180
[INFO  - 2013-11-11T02:57:20.006Z] ShutdownReqHand - _handle - About to shutdown
[INFO  - 2013-11-11T02:57:21.316Z] GhostDriver - Main - running on port 43478
[INFO  - 2013-11-11T02:57:21.529Z] Session [fbfc1a50-4a7c-11e3-8d8a-9d567708beaa] - _decorateNewWindow - page.settings: {"XSSAuditingEnabled":false,"javascriptCanCloseWindows":true,"javascriptCanOpenWindows":true,"javascriptEnabled":true,"loadImages":true,"localToRemoteUrlAccessEnabled":false,"userAgent":"Mozilla/5.0 (Macintosh; Intel Mac OS X) AppleWebKit/534.34 (KHTML, like Gecko) PhantomJS/1.9.2 Safari/534.34","webSecurityEnabled":true}
[INFO  - 2013-11-11T02:57:21.529Z] Session [fbfc1a50-4a7c-11e3-8d8a-9d567708beaa] - page.customHeaders:  - {}
[INFO  - 2013-11-11T02:57:21.529Z] Session [fbfc1a50-4a7c-11e3-8d8a-9d567708beaa] - CONSTRUCTOR - Desired Capabilities: {"platform":"ANY","browserName":"phantomjs","version":""}
[INFO  - 2013-11-11T02:57:21.529Z] Session [fbfc1a50-4a7c-11e3-8d8a-9d567708beaa] - CONSTRUCTOR - Negotiated Capabilities: {"browserName":"phantomjs","version":"1.9.2","driverName":"ghostdriver","driverVersion":"1.0.4","platform":"mac-10.8 (Mountain Lion)-32bit","javascriptEnabled":true,"takesScreenshot":true,"handlesAlerts":false,"databaseEnabled":false,"locationContextEnabled":false,"applicationCacheEnabled":false,"browserConnectionEnabled":false,"cssSelectorsEnabled":true,"webStorageEnabled":false,"rotatable":false,"acceptSslCerts":false,"nativeEvents":true,"proxy":{"proxyType":"direct"}}
[INFO  - 2013-11-11T02:57:21.529Z] SessionManagerReqHand - _postNewSessionCommand - New Session Created: fbfc1a50-4a7c-11e3-8d8a-9d567708beaa
[INFO  - 2013-11-11T02:57:22.297Z] ShutdownReqHand - _handle - About to shutdown
[INFO  - 2013-11-11T02:57:23.595Z] GhostDriver - Main - running on port 28880
[INFO  - 2013-11-11T02:57:23.821Z] Session [fd59d590-4a7c-11e3-839f-7d719d74e5a3] - _decorateNewWindow - page.settings: {"XSSAuditingEnabled":false,"javascriptCanCloseWindows":true,"javascriptCanOpenWindows":true,"javascriptEnabled":true,"loadImages":true,"localToRemoteUrlAccessEnabled":false,"userAgent":"Mozilla/5.0 (Macintosh; Intel Mac OS X) AppleWebKit/534.34 (KHTML, like Gecko) PhantomJS/1.9.2 Safari/534.34","webSecurityEnabled":true}
[INFO  - 2013-11-11T02:57:23.821Z] Session [fd59d590-4a7c-11e3-839f-7d719d74e5a3] - page.customHeaders:  - {}
[INFO  - 2013-11-11T02:57:23.821Z] Session [fd59d590-4a7c-11e3-839f-7d719d74e5a3] - CONSTRUCTOR - Desired Capabilities: {"platform":"ANY","browserName":"phantomjs","version":""}
[INFO  - 2013-11-11T02:57:23.821Z] Session [fd59d590-4a7c-11e3-839f-7d719d74e5a3] - CONSTRUCTOR - Negotiated Capabilities: {"browserName":"phantomjs","version":"1.9.2","driverName":"ghostdriver","driverVersion":"1.0.4","platform":"mac-10.8 (Mountain Lion)-32bit","javascriptEnabled":true,"takesScreenshot":true,"handlesAlerts":false,"databaseEnabled":false,"locationContextEnabled":false,"applicationCacheEnabled":false,"browserConnectionEnabled":false,"cssSelectorsEnabled":true,"webStorageEnabled":false,"rotatable":false,"acceptSslCerts":false,"nativeEvents":true,"proxy":{"proxyType":"direct"}}
[INFO  - 2013-11-11T02:57:23.821Z] SessionManagerReqHand - _postNewSessionCommand - New Session Created: fd59d590-4a7c-11e3-839f-7d719d74e5a3
[INFO  - 2013-11-11T02:57:24.366Z] ShutdownReqHand - _handle - About to shutdown
[INFO  - 2013-11-11T02:57:25.669Z] GhostDriver - Main - running on port 5018
[INFO  - 2013-11-11T02:57:25.890Z] Session [fe95b0f0-4a7c-11e3-bcc6-c5f43883d27c] - _decorateNewWindow - page.settings: {"XSSAuditingEnabled":false,"javascriptCanCloseWindows":true,"javascriptCanOpenWindows":true,"javascriptEnabled":true,"loadImages":true,"localToRemoteUrlAccessEnabled":false,"userAgent":"Mozilla/5.0 (Macintosh; Intel Mac OS X) AppleWebKit/534.34 (KHTML, like Gecko) PhantomJS/1.9.2 Safari/534.34","webSecurityEnabled":true}
[INFO  - 2013-11-11T02:57:25.890Z] Session [fe95b0f0-4a7c-11e3-bcc6-c5f43883d27c] - page.customHeaders:  - {}
[INFO  - 2013-11-11T02:57:25.890Z] Session [fe95b0f0-4a7c-11e3-bcc6-c5f43883d27c] - CONSTRUCTOR - Desired Capabilities: {"platform":"ANY","browserName":"phantomjs","version":""}
[INFO  - 2013-11-11T02:57:25.890Z] Session [fe95b0f0-4a7c-11e3-bcc6-c5f43883d27c] - CONSTRUCTOR - Negotiated Capabilities: {"browserName":"phantomjs","version":"1.9.2","driverName":"ghostdriver","driverVersion":"1.0.4","platform":"mac-10.8 (Mountain Lion)-32bit","javascriptEnabled":true,"takesScreenshot":true,"handlesAlerts":false,"databaseEnabled":false,"locationContextEnabled":false,"applicationCacheEnabled":false,"browserConnectionEnabled":false,"cssSelectorsEnabled":true,"webStorageEnabled":false,"rotatable":false,"acceptSslCerts":false,"nativeEvents":true,"proxy":{"proxyType":"direct"}}
[INFO  - 2013-11-11T02:57:25.890Z] SessionManagerReqHand - _postNewSessionCommand - New Session Created: fe95b0f0-4a7c-11e3-bcc6-c5f43883d27c
[INFO  - 2013-11-11T02:57:26.544Z] ShutdownReqHand - _handle - About to shutdown
[INFO  - 2013-11-11T02:57:27.869Z] GhostDriver - Main - running on port 40130
[INFO  - 2013-11-11T02:57:28.068Z] Session [ffe1e000-4a7c-11e3-a5b2-2998f8a1a253] - _decorateNewWindow - page.settings: {"XSSAuditingEnabled":false,"javascriptCanCloseWindows":true,"javascriptCanOpenWindows":true,"javascriptEnabled":true,"loadImages":true,"localToRemoteUrlAccessEnabled":false,"userAgent":"Mozilla/5.0 (Macintosh; Intel Mac OS X) AppleWebKit/534.34 (KHTML, like Gecko) PhantomJS/1.9.2 Safari/534.34","webSecurityEnabled":true}
[INFO  - 2013-11-11T02:57:28.068Z] Session [ffe1e000-4a7c-11e3-a5b2-2998f8a1a253] - page.customHeaders:  - {}
[INFO  - 2013-11-11T02:57:28.068Z] Session [ffe1e000-4a7c-11e3-a5b2-2998f8a1a253] - CONSTRUCTOR - Desired Capabilities: {"platform":"ANY","browserName":"phantomjs","version":""}
[INFO  - 2013-11-11T02:57:28.068Z] Session [ffe1e000-4a7c-11e3-a5b2-2998f8a1a253] - CONSTRUCTOR - Negotiated Capabilities: {"browserName":"phantomjs","version":"1.9.2","driverName":"ghostdriver","driverVersion":"1.0.4","platform":"mac-10.8 (Mountain Lion)-32bit","javascriptEnabled":true,"takesScreenshot":true,"handlesAlerts":false,"databaseEnabled":false,"locationContextEnabled":false,"applicationCacheEnabled":false,"browserConnectionEnabled":false,"cssSelectorsEnabled":true,"webStorageEnabled":false,"rotatable":false,"acceptSslCerts":false,"nativeEvents":true,"proxy":{"proxyType":"direct"}}
[INFO  - 2013-11-11T02:57:28.068Z] SessionManagerReqHand - _postNewSessionCommand - New Session Created: ffe1e000-4a7c-11e3-a5b2-2998f8a1a253
[INFO  - 2013-11-11T02:57:28.583Z] ShutdownReqHand - _handle - About to shutdown
[INFO  - 2013-11-11T02:57:29.907Z] GhostDriver - Main - running on port 43596
[INFO  - 2013-11-11T02:57:30.105Z] Session [0118d960-4a7d-11e3-b306-d73fe05fa8c8] - _decorateNewWindow - page.settings: {"XSSAuditingEnabled":false,"javascriptCanCloseWindows":true,"javascriptCanOpenWindows":true,"javascriptEnabled":true,"loadImages":true,"localToRemoteUrlAccessEnabled":false,"userAgent":"Mozilla/5.0 (Macintosh; Intel Mac OS X) AppleWebKit/534.34 (KHTML, like Gecko) PhantomJS/1.9.2 Safari/534.34","webSecurityEnabled":true}
[INFO  - 2013-11-11T02:57:30.105Z] Session [0118d960-4a7d-11e3-b306-d73fe05fa8c8] - page.customHeaders:  - {}
[INFO  - 2013-11-11T02:57:30.105Z] Session [0118d960-4a7d-11e3-b306-d73fe05fa8c8] - CONSTRUCTOR - Desired Capabilities: {"platform":"ANY","browserName":"phantomjs","version":""}
[INFO  - 2013-11-11T02:57:30.105Z] Session [0118d960-4a7d-11e3-b306-d73fe05fa8c8] - CONSTRUCTOR - Negotiated Capabilities: {"browserName":"phantomjs","version":"1.9.2","driverName":"ghostdriver","driverVersion":"1.0.4","platform":"mac-10.8 (Mountain Lion)-32bit","javascriptEnabled":true,"takesScreenshot":true,"handlesAlerts":false,"databaseEnabled":false,"locationContextEnabled":false,"applicationCacheEnabled":false,"browserConnectionEnabled":false,"cssSelectorsEnabled":true,"webStorageEnabled":false,"rotatable":false,"acceptSslCerts":false,"nativeEvents":true,"proxy":{"proxyType":"direct"}}
[INFO  - 2013-11-11T02:57:30.105Z] SessionManagerReqHand - _postNewSessionCommand - New Session Created: 0118d960-4a7d-11e3-b306-d73fe05fa8c8
[INFO  - 2013-11-11T02:57:30.595Z] ShutdownReqHand - _handle - About to shutdown
[INFO  - 2013-11-11T02:57:31.919Z] GhostDriver - Main - running on port 36607
[INFO  - 2013-11-11T02:57:32.118Z] Session [024bdb20-4a7d-11e3-a454-47800308085c] - _decorateNewWindow - page.settings: {"XSSAuditingEnabled":false,"javascriptCanCloseWindows":true,"javascriptCanOpenWindows":true,"javascriptEnabled":true,"loadImages":true,"localToRemoteUrlAccessEnabled":false,"userAgent":"Mozilla/5.0 (Macintosh; Intel Mac OS X) AppleWebKit/534.34 (KHTML, like Gecko) PhantomJS/1.9.2 Safari/534.34","webSecurityEnabled":true}
[INFO  - 2013-11-11T02:57:32.118Z] Session [024bdb20-4a7d-11e3-a454-47800308085c] - page.customHeaders:  - {}
[INFO  - 2013-11-11T02:57:32.118Z] Session [024bdb20-4a7d-11e3-a454-47800308085c] - CONSTRUCTOR - Desired Capabilities: {"platform":"ANY","browserName":"phantomjs","version":""}
[INFO  - 2013-11-11T02:57:32.118Z] Session [024bdb20-4a7d-11e3-a454-47800308085c] - CONSTRUCTOR - Negotiated Capabilities: {"browserName":"phantomjs","version":"1.9.2","driverName":"ghostdriver","driverVersion":"1.0.4","platform":"mac-10.8 (Mountain Lion)-32bit","javascriptEnabled":true,"takesScreenshot":true,"handlesAlerts":false,"databaseEnabled":false,"locationContextEnabled":false,"applicationCacheEnabled":false,"browserConnectionEnabled":false,"cssSelectorsEnabled":true,"webStorageEnabled":false,"rotatable":false,"acceptSslCerts":false,"nativeEvents":true,"proxy":{"proxyType":"direct"}}
[INFO  - 2013-11-11T02:57:32.118Z] SessionManagerReqHand - _postNewSessionCommand - New Session Created: 024bdb20-4a7d-11e3-a454-47800308085c
[INFO  - 2013-11-11T02:57:32.747Z] ShutdownReqHand - _handle - About to shutdown
[INFO  - 2013-11-11T02:57:34.070Z] GhostDriver - Main - running on port 14744
[INFO  - 2013-11-11T02:57:34.270Z] Session [039439a0-4a7d-11e3-a270-99c64f7e0bcb] - _decorateNewWindow - page.settings: {"XSSAuditingEnabled":false,"javascriptCanCloseWindows":true,"javascriptCanOpenWindows":true,"javascriptEnabled":true,"loadImages":true,"localToRemoteUrlAccessEnabled":false,"userAgent":"Mozilla/5.0 (Macintosh; Intel Mac OS X) AppleWebKit/534.34 (KHTML, like Gecko) PhantomJS/1.9.2 Safari/534.34","webSecurityEnabled":true}
[INFO  - 2013-11-11T02:57:34.270Z] Session [039439a0-4a7d-11e3-a270-99c64f7e0bcb] - page.customHeaders:  - {}
[INFO  - 2013-11-11T02:57:34.270Z] Session [039439a0-4a7d-11e3-a270-99c64f7e0bcb] - CONSTRUCTOR - Desired Capabilities: {"platform":"ANY","browserName":"phantomjs","version":""}
[INFO  - 2013-11-11T02:57:34.270Z] Session [039439a0-4a7d-11e3-a270-99c64f7e0bcb] - CONSTRUCTOR - Negotiated Capabilities: {"browserName":"phantomjs","version":"1.9.2","driverName":"ghostdriver","driverVersion":"1.0.4","platform":"mac-10.8 (Mountain Lion)-32bit","javascriptEnabled":true,"takesScreenshot":true,"handlesAlerts":false,"databaseEnabled":false,"locationContextEnabled":false,"applicationCacheEnabled":false,"browserConnectionEnabled":false,"cssSelectorsEnabled":true,"webStorageEnabled":false,"rotatable":false,"acceptSslCerts":false,"nativeEvents":true,"proxy":{"proxyType":"direct"}}
[INFO  - 2013-11-11T02:57:34.270Z] SessionManagerReqHand - _postNewSessionCommand - New Session Created: 039439a0-4a7d-11e3-a270-99c64f7e0bcb
[INFO  - 2013-11-11T02:57:34.822Z] ShutdownReqHand - _handle - About to shutdown
[INFO  - 2013-11-11T02:57:36.128Z] GhostDriver - Main - running on port 47418
[INFO  - 2013-11-11T02:57:36.345Z] Session [04d0d850-4a7d-11e3-b9db-4799aabb7aa0] - _decorateNewWindow - page.settings: {"XSSAuditingEnabled":false,"javascriptCanCloseWindows":true,"javascriptCanOpenWindows":true,"javascriptEnabled":true,"loadImages":true,"localToRemoteUrlAccessEnabled":false,"userAgent":"Mozilla/5.0 (Macintosh; Intel Mac OS X) AppleWebKit/534.34 (KHTML, like Gecko) PhantomJS/1.9.2 Safari/534.34","webSecurityEnabled":true}
[INFO  - 2013-11-11T02:57:36.345Z] Session [04d0d850-4a7d-11e3-b9db-4799aabb7aa0] - page.customHeaders:  - {}
[INFO  - 2013-11-11T02:57:36.345Z] Session [04d0d850-4a7d-11e3-b9db-4799aabb7aa0] - CONSTRUCTOR - Desired Capabilities: {"platform":"ANY","browserName":"phantomjs","version":""}
[INFO  - 2013-11-11T02:57:36.345Z] Session [04d0d850-4a7d-11e3-b9db-4799aabb7aa0] - CONSTRUCTOR - Negotiated Capabilities: {"browserName":"phantomjs","version":"1.9.2","driverName":"ghostdriver","driverVersion":"1.0.4","platform":"mac-10.8 (Mountain Lion)-32bit","javascriptEnabled":true,"takesScreenshot":true,"handlesAlerts":false,"databaseEnabled":false,"locationContextEnabled":false,"applicationCacheEnabled":false,"browserConnectionEnabled":false,"cssSelectorsEnabled":true,"webStorageEnabled":false,"rotatable":false,"acceptSslCerts":false,"nativeEvents":true,"proxy":{"proxyType":"direct"}}
[INFO  - 2013-11-11T02:57:36.345Z] SessionManagerReqHand - _postNewSessionCommand - New Session Created: 04d0d850-4a7d-11e3-b9db-4799aabb7aa0
[INFO  - 2013-11-11T02:57:36.868Z] ShutdownReqHand - _handle - About to shutdown
[INFO  - 2013-11-11T02:57:38.185Z] GhostDriver - Main - running on port 6423
[INFO  - 2013-11-11T02:57:38.390Z] Session [0608e320-4a7d-11e3-9028-f721b1947bd8] - _decorateNewWindow - page.settings: {"XSSAuditingEnabled":false,"javascriptCanCloseWindows":true,"javascriptCanOpenWindows":true,"javascriptEnabled":true,"loadImages":true,"localToRemoteUrlAccessEnabled":false,"userAgent":"Mozilla/5.0 (Macintosh; Intel Mac OS X) AppleWebKit/534.34 (KHTML, like Gecko) PhantomJS/1.9.2 Safari/534.34","webSecurityEnabled":true}
[INFO  - 2013-11-11T02:57:38.390Z] Session [0608e320-4a7d-11e3-9028-f721b1947bd8] - page.customHeaders:  - {}
[INFO  - 2013-11-11T02:57:38.390Z] Session [0608e320-4a7d-11e3-9028-f721b1947bd8] - CONSTRUCTOR - Desired Capabilities: {"platform":"ANY","browserName":"phantomjs","version":""}
[INFO  - 2013-11-11T02:57:38.390Z] Session [0608e320-4a7d-11e3-9028-f721b1947bd8] - CONSTRUCTOR - Negotiated Capabilities: {"browserName":"phantomjs","version":"1.9.2","driverName":"ghostdriver","driverVersion":"1.0.4","platform":"mac-10.8 (Mountain Lion)-32bit","javascriptEnabled":true,"takesScreenshot":true,"handlesAlerts":false,"databaseEnabled":false,"locationContextEnabled":false,"applicationCacheEnabled":false,"browserConnectionEnabled":false,"cssSelectorsEnabled":true,"webStorageEnabled":false,"rotatable":false,"acceptSslCerts":false,"nativeEvents":true,"proxy":{"proxyType":"direct"}}
[INFO  - 2013-11-11T02:57:38.390Z] SessionManagerReqHand - _postNewSessionCommand - New Session Created: 0608e320-4a7d-11e3-9028-f721b1947bd8
[INFO  - 2013-11-11T02:57:38.839Z] ShutdownReqHand - _handle - About to shutdown
[INFO  - 2013-11-11T02:57:40.166Z] GhostDriver - Main - running on port 9493
[INFO  - 2013-11-11T02:57:40.363Z] Session [0735f170-4a7d-11e3-a813-6b890c59d1ce] - _decorateNewWindow - page.settings: {"XSSAuditingEnabled":false,"javascriptCanCloseWindows":true,"javascriptCanOpenWindows":true,"javascriptEnabled":true,"loadImages":true,"localToRemoteUrlAccessEnabled":false,"userAgent":"Mozilla/5.0 (Macintosh; Intel Mac OS X) AppleWebKit/534.34 (KHTML, like Gecko) PhantomJS/1.9.2 Safari/534.34","webSecurityEnabled":true}
[INFO  - 2013-11-11T02:57:40.363Z] Session [0735f170-4a7d-11e3-a813-6b890c59d1ce] - page.customHeaders:  - {}
[INFO  - 2013-11-11T02:57:40.363Z] Session [0735f170-4a7d-11e3-a813-6b890c59d1ce] - CONSTRUCTOR - Desired Capabilities: {"platform":"ANY","browserName":"phantomjs","version":""}
[INFO  - 2013-11-11T02:57:40.363Z] Session [0735f170-4a7d-11e3-a813-6b890c59d1ce] - CONSTRUCTOR - Negotiated Capabilities: {"browserName":"phantomjs","version":"1.9.2","driverName":"ghostdriver","driverVersion":"1.0.4","platform":"mac-10.8 (Mountain Lion)-32bit","javascriptEnabled":true,"takesScreenshot":true,"handlesAlerts":false,"databaseEnabled":false,"locationContextEnabled":false,"applicationCacheEnabled":false,"browserConnectionEnabled":false,"cssSelectorsEnabled":true,"webStorageEnabled":false,"rotatable":false,"acceptSslCerts":false,"nativeEvents":true,"proxy":{"proxyType":"direct"}}
[INFO  - 2013-11-11T02:57:40.363Z] SessionManagerReqHand - _postNewSessionCommand - New Session Created: 0735f170-4a7d-11e3-a813-6b890c59d1ce
[INFO  - 2013-11-11T02:57:40.919Z] ShutdownReqHand - _handle - About to shutdown
[INFO  - 2013-11-11T02:57:42.225Z] GhostDriver - Main - running on port 12271
[INFO  - 2013-11-11T02:57:42.441Z] Session [08732c60-4a7d-11e3-92ea-956a168fb509] - _decorateNewWindow - page.settings: {"XSSAuditingEnabled":false,"javascriptCanCloseWindows":true,"javascriptCanOpenWindows":true,"javascriptEnabled":true,"loadImages":true,"localToRemoteUrlAccessEnabled":false,"userAgent":"Mozilla/5.0 (Macintosh; Intel Mac OS X) AppleWebKit/534.34 (KHTML, like Gecko) PhantomJS/1.9.2 Safari/534.34","webSecurityEnabled":true}
[INFO  - 2013-11-11T02:57:42.441Z] Session [08732c60-4a7d-11e3-92ea-956a168fb509] - page.customHeaders:  - {}
[INFO  - 2013-11-11T02:57:42.441Z] Session [08732c60-4a7d-11e3-92ea-956a168fb509] - CONSTRUCTOR - Desired Capabilities: {"platform":"ANY","browserName":"phantomjs","version":""}
[INFO  - 2013-11-11T02:57:42.441Z] Session [08732c60-4a7d-11e3-92ea-956a168fb509] - CONSTRUCTOR - Negotiated Capabilities: {"browserName":"phantomjs","version":"1.9.2","driverName":"ghostdriver","driverVersion":"1.0.4","platform":"mac-10.8 (Mountain Lion)-32bit","javascriptEnabled":true,"takesScreenshot":true,"handlesAlerts":false,"databaseEnabled":false,"locationContextEnabled":false,"applicationCacheEnabled":false,"browserConnectionEnabled":false,"cssSelectorsEnabled":true,"webStorageEnabled":false,"rotatable":false,"acceptSslCerts":false,"nativeEvents":true,"proxy":{"proxyType":"direct"}}
[INFO  - 2013-11-11T02:57:42.441Z] SessionManagerReqHand - _postNewSessionCommand - New Session Created: 08732c60-4a7d-11e3-92ea-956a168fb509
[INFO  - 2013-11-11T02:57:42.989Z] ShutdownReqHand - _handle - About to shutdown
[INFO  - 2013-11-11T02:57:44.305Z] GhostDriver - Main - running on port 23523
[INFO  - 2013-11-11T02:57:44.512Z] Session [09af07c0-4a7d-11e3-8ffd-75f799983812] - _decorateNewWindow - page.settings: {"XSSAuditingEnabled":false,"javascriptCanCloseWindows":true,"javascriptCanOpenWindows":true,"javascriptEnabled":true,"loadImages":true,"localToRemoteUrlAccessEnabled":false,"userAgent":"Mozilla/5.0 (Macintosh; Intel Mac OS X) AppleWebKit/534.34 (KHTML, like Gecko) PhantomJS/1.9.2 Safari/534.34","webSecurityEnabled":true}
[INFO  - 2013-11-11T02:57:44.512Z] Session [09af07c0-4a7d-11e3-8ffd-75f799983812] - page.customHeaders:  - {}
[INFO  - 2013-11-11T02:57:44.512Z] Session [09af07c0-4a7d-11e3-8ffd-75f799983812] - CONSTRUCTOR - Desired Capabilities: {"platform":"ANY","browserName":"phantomjs","version":""}
[INFO  - 2013-11-11T02:57:44.512Z] Session [09af07c0-4a7d-11e3-8ffd-75f799983812] - CONSTRUCTOR - Negotiated Capabilities: {"browserName":"phantomjs","version":"1.9.2","driverName":"ghostdriver","driverVersion":"1.0.4","platform":"mac-10.8 (Mountain Lion)-32bit","javascriptEnabled":true,"takesScreenshot":true,"handlesAlerts":false,"databaseEnabled":false,"locationContextEnabled":false,"applicationCacheEnabled":false,"browserConnectionEnabled":false,"cssSelectorsEnabled":true,"webStorageEnabled":false,"rotatable":false,"acceptSslCerts":false,"nativeEvents":true,"proxy":{"proxyType":"direct"}}
[INFO  - 2013-11-11T02:57:44.512Z] SessionManagerReqHand - _postNewSessionCommand - New Session Created: 09af07c0-4a7d-11e3-8ffd-75f799983812
[INFO  - 2013-11-11T02:57:44.959Z] ShutdownReqHand - _handle - About to shutdown
[INFO  - 2013-11-11T02:57:46.283Z] GhostDriver - Main - running on port 45308
[INFO  - 2013-11-11T02:57:46.481Z] Session [0adba0e0-4a7d-11e3-9c8a-f5e05ed6eabd] - _decorateNewWindow - page.settings: {"XSSAuditingEnabled":false,"javascriptCanCloseWindows":true,"javascriptCanOpenWindows":true,"javascriptEnabled":true,"loadImages":true,"localToRemoteUrlAccessEnabled":false,"userAgent":"Mozilla/5.0 (Macintosh; Intel Mac OS X) AppleWebKit/534.34 (KHTML, like Gecko) PhantomJS/1.9.2 Safari/534.34","webSecurityEnabled":true}
[INFO  - 2013-11-11T02:57:46.481Z] Session [0adba0e0-4a7d-11e3-9c8a-f5e05ed6eabd] - page.customHeaders:  - {}
[INFO  - 2013-11-11T02:57:46.481Z] Session [0adba0e0-4a7d-11e3-9c8a-f5e05ed6eabd] - CONSTRUCTOR - Desired Capabilities: {"platform":"ANY","browserName":"phantomjs","version":""}
[INFO  - 2013-11-11T02:57:46.481Z] Session [0adba0e0-4a7d-11e3-9c8a-f5e05ed6eabd] - CONSTRUCTOR - Negotiated Capabilities: {"browserName":"phantomjs","version":"1.9.2","driverName":"ghostdriver","driverVersion":"1.0.4","platform":"mac-10.8 (Mountain Lion)-32bit","javascriptEnabled":true,"takesScreenshot":true,"handlesAlerts":false,"databaseEnabled":false,"locationContextEnabled":false,"applicationCacheEnabled":false,"browserConnectionEnabled":false,"cssSelectorsEnabled":true,"webStorageEnabled":false,"rotatable":false,"acceptSslCerts":false,"nativeEvents":true,"proxy":{"proxyType":"direct"}}
[INFO  - 2013-11-11T02:57:46.481Z] SessionManagerReqHand - _postNewSessionCommand - New Session Created: 0adba0e0-4a7d-11e3-9c8a-f5e05ed6eabd
[INFO  - 2013-11-11T02:57:47.024Z] ShutdownReqHand - _handle - About to shutdown
[INFO  - 2013-11-11T02:57:48.329Z] GhostDriver - Main - running on port 19150
[INFO  - 2013-11-11T02:57:48.546Z] Session [0c1691e0-4a7d-11e3-9ec7-8dba2a187914] - _decorateNewWindow - page.settings: {"XSSAuditingEnabled":false,"javascriptCanCloseWindows":true,"javascriptCanOpenWindows":true,"javascriptEnabled":true,"loadImages":true,"localToRemoteUrlAccessEnabled":false,"userAgent":"Mozilla/5.0 (Macintosh; Intel Mac OS X) AppleWebKit/534.34 (KHTML, like Gecko) PhantomJS/1.9.2 Safari/534.34","webSecurityEnabled":true}
[INFO  - 2013-11-11T02:57:48.546Z] Session [0c1691e0-4a7d-11e3-9ec7-8dba2a187914] - page.customHeaders:  - {}
[INFO  - 2013-11-11T02:57:48.546Z] Session [0c1691e0-4a7d-11e3-9ec7-8dba2a187914] - CONSTRUCTOR - Desired Capabilities: {"platform":"ANY","browserName":"phantomjs","version":""}
[INFO  - 2013-11-11T02:57:48.546Z] Session [0c1691e0-4a7d-11e3-9ec7-8dba2a187914] - CONSTRUCTOR - Negotiated Capabilities: {"browserName":"phantomjs","version":"1.9.2","driverName":"ghostdriver","driverVersion":"1.0.4","platform":"mac-10.8 (Mountain Lion)-32bit","javascriptEnabled":true,"takesScreenshot":true,"handlesAlerts":false,"databaseEnabled":false,"locationContextEnabled":false,"applicationCacheEnabled":false,"browserConnectionEnabled":false,"cssSelectorsEnabled":true,"webStorageEnabled":false,"rotatable":false,"acceptSslCerts":false,"nativeEvents":true,"proxy":{"proxyType":"direct"}}
[INFO  - 2013-11-11T02:57:48.546Z] SessionManagerReqHand - _postNewSessionCommand - New Session Created: 0c1691e0-4a7d-11e3-9ec7-8dba2a187914
[INFO  - 2013-11-11T02:57:48.992Z] ShutdownReqHand - _handle - About to shutdown
[INFO  - 2013-11-11T02:57:50.317Z] GhostDriver - Main - running on port 1417
[INFO  - 2013-11-11T02:57:50.522Z] Session [0d441560-4a7d-11e3-9291-b53099a16b89] - _decorateNewWindow - page.settings: {"XSSAuditingEnabled":false,"javascriptCanCloseWindows":true,"javascriptCanOpenWindows":true,"javascriptEnabled":true,"loadImages":true,"localToRemoteUrlAccessEnabled":false,"userAgent":"Mozilla/5.0 (Macintosh; Intel Mac OS X) AppleWebKit/534.34 (KHTML, like Gecko) PhantomJS/1.9.2 Safari/534.34","webSecurityEnabled":true}
[INFO  - 2013-11-11T02:57:50.522Z] Session [0d441560-4a7d-11e3-9291-b53099a16b89] - page.customHeaders:  - {}
[INFO  - 2013-11-11T02:57:50.522Z] Session [0d441560-4a7d-11e3-9291-b53099a16b89] - CONSTRUCTOR - Desired Capabilities: {"platform":"ANY","browserName":"phantomjs","version":""}
[INFO  - 2013-11-11T02:57:50.522Z] Session [0d441560-4a7d-11e3-9291-b53099a16b89] - CONSTRUCTOR - Negotiated Capabilities: {"browserName":"phantomjs","version":"1.9.2","driverName":"ghostdriver","driverVersion":"1.0.4","platform":"mac-10.8 (Mountain Lion)-32bit","javascriptEnabled":true,"takesScreenshot":true,"handlesAlerts":false,"databaseEnabled":false,"locationContextEnabled":false,"applicationCacheEnabled":false,"browserConnectionEnabled":false,"cssSelectorsEnabled":true,"webStorageEnabled":false,"rotatable":false,"acceptSslCerts":false,"nativeEvents":true,"proxy":{"proxyType":"direct"}}
[INFO  - 2013-11-11T02:57:50.522Z] SessionManagerReqHand - _postNewSessionCommand - New Session Created: 0d441560-4a7d-11e3-9291-b53099a16b89
[INFO  - 2013-11-11T02:57:51.260Z] ShutdownReqHand - _handle - About to shutdown
[INFO  - 2013-11-11T02:57:52.566Z] GhostDriver - Main - running on port 39603
[INFO  - 2013-11-11T02:57:52.782Z] Session [0e9ceea0-4a7d-11e3-b748-270571e7a42d] - _decorateNewWindow - page.settings: {"XSSAuditingEnabled":false,"javascriptCanCloseWindows":true,"javascriptCanOpenWindows":true,"javascriptEnabled":true,"loadImages":true,"localToRemoteUrlAccessEnabled":false,"userAgent":"Mozilla/5.0 (Macintosh; Intel Mac OS X) AppleWebKit/534.34 (KHTML, like Gecko) PhantomJS/1.9.2 Safari/534.34","webSecurityEnabled":true}
[INFO  - 2013-11-11T02:57:52.782Z] Session [0e9ceea0-4a7d-11e3-b748-270571e7a42d] - page.customHeaders:  - {}
[INFO  - 2013-11-11T02:57:52.782Z] Session [0e9ceea0-4a7d-11e3-b748-270571e7a42d] - CONSTRUCTOR - Desired Capabilities: {"platform":"ANY","browserName":"phantomjs","version":""}
[INFO  - 2013-11-11T02:57:52.782Z] Session [0e9ceea0-4a7d-11e3-b748-270571e7a42d] - CONSTRUCTOR - Negotiated Capabilities: {"browserName":"phantomjs","version":"1.9.2","driverName":"ghostdriver","driverVersion":"1.0.4","platform":"mac-10.8 (Mountain Lion)-32bit","javascriptEnabled":true,"takesScreenshot":true,"handlesAlerts":false,"databaseEnabled":false,"locationContextEnabled":false,"applicationCacheEnabled":false,"browserConnectionEnabled":false,"cssSelectorsEnabled":true,"webStorageEnabled":false,"rotatable":false,"acceptSslCerts":false,"nativeEvents":true,"proxy":{"proxyType":"direct"}}
[INFO  - 2013-11-11T02:57:52.782Z] SessionManagerReqHand - _postNewSessionCommand - New Session Created: 0e9ceea0-4a7d-11e3-b748-270571e7a42d
[INFO  - 2013-11-11T02:57:53.610Z] ShutdownReqHand - _handle - About to shutdown
[INFO  - 2013-11-11T02:57:54.975Z] GhostDriver - Main - running on port 17165
[INFO  - 2013-11-11T02:57:55.138Z] Session [10046de0-4a7d-11e3-bb4a-651ba031767a] - _decorateNewWindow - page.settings: {"XSSAuditingEnabled":false,"javascriptCanCloseWindows":true,"javascriptCanOpenWindows":true,"javascriptEnabled":true,"loadImages":true,"localToRemoteUrlAccessEnabled":false,"userAgent":"Mozilla/5.0 (Macintosh; Intel Mac OS X) AppleWebKit/534.34 (KHTML, like Gecko) PhantomJS/1.9.2 Safari/534.34","webSecurityEnabled":true}
[INFO  - 2013-11-11T02:57:55.138Z] Session [10046de0-4a7d-11e3-bb4a-651ba031767a] - page.customHeaders:  - {}
[INFO  - 2013-11-11T02:57:55.138Z] Session [10046de0-4a7d-11e3-bb4a-651ba031767a] - CONSTRUCTOR - Desired Capabilities: {"platform":"ANY","browserName":"phantomjs","version":""}
[INFO  - 2013-11-11T02:57:55.138Z] Session [10046de0-4a7d-11e3-bb4a-651ba031767a] - CONSTRUCTOR - Negotiated Capabilities: {"browserName":"phantomjs","version":"1.9.2","driverName":"ghostdriver","driverVersion":"1.0.4","platform":"mac-10.8 (Mountain Lion)-32bit","javascriptEnabled":true,"takesScreenshot":true,"handlesAlerts":false,"databaseEnabled":false,"locationContextEnabled":false,"applicationCacheEnabled":false,"browserConnectionEnabled":false,"cssSelectorsEnabled":true,"webStorageEnabled":false,"rotatable":false,"acceptSslCerts":false,"nativeEvents":true,"proxy":{"proxyType":"direct"}}
[INFO  - 2013-11-11T02:57:55.138Z] SessionManagerReqHand - _postNewSessionCommand - New Session Created: 10046de0-4a7d-11e3-bb4a-651ba031767a
[INFO  - 2013-11-11T02:57:56.019Z] ShutdownReqHand - _handle - About to shutdown
[INFO  - 2013-11-11T02:57:57.328Z] GhostDriver - Main - running on port 15464
[INFO  - 2013-11-11T02:57:57.540Z] Session [11731910-4a7d-11e3-a5c5-033f11dc7436] - _decorateNewWindow - page.settings: {"XSSAuditingEnabled":false,"javascriptCanCloseWindows":true,"javascriptCanOpenWindows":true,"javascriptEnabled":true,"loadImages":true,"localToRemoteUrlAccessEnabled":false,"userAgent":"Mozilla/5.0 (Macintosh; Intel Mac OS X) AppleWebKit/534.34 (KHTML, like Gecko) PhantomJS/1.9.2 Safari/534.34","webSecurityEnabled":true}
[INFO  - 2013-11-11T02:57:57.541Z] Session [11731910-4a7d-11e3-a5c5-033f11dc7436] - page.customHeaders:  - {}
[INFO  - 2013-11-11T02:57:57.541Z] Session [11731910-4a7d-11e3-a5c5-033f11dc7436] - CONSTRUCTOR - Desired Capabilities: {"platform":"ANY","browserName":"phantomjs","version":""}
[INFO  - 2013-11-11T02:57:57.541Z] Session [11731910-4a7d-11e3-a5c5-033f11dc7436] - CONSTRUCTOR - Negotiated Capabilities: {"browserName":"phantomjs","version":"1.9.2","driverName":"ghostdriver","driverVersion":"1.0.4","platform":"mac-10.8 (Mountain Lion)-32bit","javascriptEnabled":true,"takesScreenshot":true,"handlesAlerts":false,"databaseEnabled":false,"locationContextEnabled":false,"applicationCacheEnabled":false,"browserConnectionEnabled":false,"cssSelectorsEnabled":true,"webStorageEnabled":false,"rotatable":false,"acceptSslCerts":false,"nativeEvents":true,"proxy":{"proxyType":"direct"}}
[INFO  - 2013-11-11T02:57:57.541Z] SessionManagerReqHand - _postNewSessionCommand - New Session Created: 11731910-4a7d-11e3-a5c5-033f11dc7436
[INFO  - 2013-11-11T02:57:58.302Z] ShutdownReqHand - _handle - About to shutdown
[INFO  - 2013-11-11T02:57:59.607Z] GhostDriver - Main - running on port 18392
[INFO  - 2013-11-11T02:57:59.829Z] Session [12d03810-4a7d-11e3-a894-4173df0af0a6] - _decorateNewWindow - page.settings: {"XSSAuditingEnabled":false,"javascriptCanCloseWindows":true,"javascriptCanOpenWindows":true,"javascriptEnabled":true,"loadImages":true,"localToRemoteUrlAccessEnabled":false,"userAgent":"Mozilla/5.0 (Macintosh; Intel Mac OS X) AppleWebKit/534.34 (KHTML, like Gecko) PhantomJS/1.9.2 Safari/534.34","webSecurityEnabled":true}
[INFO  - 2013-11-11T02:57:59.829Z] Session [12d03810-4a7d-11e3-a894-4173df0af0a6] - page.customHeaders:  - {}
[INFO  - 2013-11-11T02:57:59.829Z] Session [12d03810-4a7d-11e3-a894-4173df0af0a6] - CONSTRUCTOR - Desired Capabilities: {"platform":"ANY","browserName":"phantomjs","version":""}
[INFO  - 2013-11-11T02:57:59.829Z] Session [12d03810-4a7d-11e3-a894-4173df0af0a6] - CONSTRUCTOR - Negotiated Capabilities: {"browserName":"phantomjs","version":"1.9.2","driverName":"ghostdriver","driverVersion":"1.0.4","platform":"mac-10.8 (Mountain Lion)-32bit","javascriptEnabled":true,"takesScreenshot":true,"handlesAlerts":false,"databaseEnabled":false,"locationContextEnabled":false,"applicationCacheEnabled":false,"browserConnectionEnabled":false,"cssSelectorsEnabled":true,"webStorageEnabled":false,"rotatable":false,"acceptSslCerts":false,"nativeEvents":true,"proxy":{"proxyType":"direct"}}
[INFO  - 2013-11-11T02:57:59.829Z] SessionManagerReqHand - _postNewSessionCommand - New Session Created: 12d03810-4a7d-11e3-a894-4173df0af0a6
[INFO  - 2013-11-11T02:58:00.761Z] ShutdownReqHand - _handle - About to shutdown
